<?xml version="1.0" encoding="UTF-8"?>
<testsuite xmlns:xsi="http://www.w3.org/2001/XMLSchema-instance" xsi:noNamespaceSchemaLocation="https://maven.apache.org/surefire/maven-surefire-plugin/xsd/surefire-test-report.xsd" name="com.spark.web.WebApplicationTests" time="7.746" tests="1" errors="0" skipped="0" failures="0">
  <properties>
    <property name="sun.desktop" value="windows"/>
    <property name="awt.toolkit" value="sun.awt.windows.WToolkit"/>
    <property name="file.encoding.pkg" value="sun.io"/>
    <property name="java.specification.version" value="1.8"/>
    <property name="sun.cpu.isalist" value="amd64"/>
    <property name="sun.jnu.encoding" value="Cp1252"/>
    <property name="java.class.path" value="C:\Users\seokpark\IdeaProjects\digital-assistant\target\test-classes;C:\Users\seokpark\IdeaProjects\digital-assistant\target\classes;C:\Users\seokpark\.m2\repository\org\springframework\boot\spring-boot-starter-web\2.2.6.RELEASE\spring-boot-starter-web-2.2.6.RELEASE.jar;C:\Users\seokpark\.m2\repository\org\springframework\boot\spring-boot-starter\2.2.6.RELEASE\spring-boot-starter-2.2.6.RELEASE.jar;C:\Users\seokpark\.m2\repository\org\springframework\boot\spring-boot\2.2.6.RELEASE\spring-boot-2.2.6.RELEASE.jar;C:\Users\seokpark\.m2\repository\org\springframework\boot\spring-boot-autoconfigure\2.2.6.RELEASE\spring-boot-autoconfigure-2.2.6.RELEASE.jar;C:\Users\seokpark\.m2\repository\org\springframework\boot\spring-boot-starter-logging\2.2.6.RELEASE\spring-boot-starter-logging-2.2.6.RELEASE.jar;C:\Users\seokpark\.m2\repository\ch\qos\logback\logback-classic\1.2.3\logback-classic-1.2.3.jar;C:\Users\seokpark\.m2\repository\ch\qos\logback\logback-core\1.2.3\logback-core-1.2.3.jar;C:\Users\seokpark\.m2\repository\org\apache\logging\log4j\log4j-to-slf4j\2.12.1\log4j-to-slf4j-2.12.1.jar;C:\Users\seokpark\.m2\repository\org\apache\logging\log4j\log4j-api\2.12.1\log4j-api-2.12.1.jar;C:\Users\seokpark\.m2\repository\org\slf4j\jul-to-slf4j\1.7.30\jul-to-slf4j-1.7.30.jar;C:\Users\seokpark\.m2\repository\jakarta\annotation\jakarta.annotation-api\1.3.5\jakarta.annotation-api-1.3.5.jar;C:\Users\seokpark\.m2\repository\org\yaml\snakeyaml\1.25\snakeyaml-1.25.jar;C:\Users\seokpark\.m2\repository\org\springframework\boot\spring-boot-starter-json\2.2.6.RELEASE\spring-boot-starter-json-2.2.6.RELEASE.jar;C:\Users\seokpark\.m2\repository\com\fasterxml\jackson\core\jackson-databind\2.10.3\jackson-databind-2.10.3.jar;C:\Users\seokpark\.m2\repository\com\fasterxml\jackson\core\jackson-annotations\2.10.3\jackson-annotations-2.10.3.jar;C:\Users\seokpark\.m2\repository\com\fasterxml\jackson\core\jackson-core\2.10.3\jackson-core-2.10.3.jar;C:\Users\seokpark\.m2\repository\com\fasterxml\jackson\datatype\jackson-datatype-jdk8\2.10.3\jackson-datatype-jdk8-2.10.3.jar;C:\Users\seokpark\.m2\repository\com\fasterxml\jackson\datatype\jackson-datatype-jsr310\2.10.3\jackson-datatype-jsr310-2.10.3.jar;C:\Users\seokpark\.m2\repository\com\fasterxml\jackson\module\jackson-module-parameter-names\2.10.3\jackson-module-parameter-names-2.10.3.jar;C:\Users\seokpark\.m2\repository\org\springframework\boot\spring-boot-starter-tomcat\2.2.6.RELEASE\spring-boot-starter-tomcat-2.2.6.RELEASE.jar;C:\Users\seokpark\.m2\repository\org\apache\tomcat\embed\tomcat-embed-websocket\9.0.33\tomcat-embed-websocket-9.0.33.jar;C:\Users\seokpark\.m2\repository\org\springframework\boot\spring-boot-starter-validation\2.2.6.RELEASE\spring-boot-starter-validation-2.2.6.RELEASE.jar;C:\Users\seokpark\.m2\repository\jakarta\validation\jakarta.validation-api\2.0.2\jakarta.validation-api-2.0.2.jar;C:\Users\seokpark\.m2\repository\org\hibernate\validator\hibernate-validator\6.0.18.Final\hibernate-validator-6.0.18.Final.jar;C:\Users\seokpark\.m2\repository\org\jboss\logging\jboss-logging\3.4.1.Final\jboss-logging-3.4.1.Final.jar;C:\Users\seokpark\.m2\repository\com\fasterxml\classmate\1.5.1\classmate-1.5.1.jar;C:\Users\seokpark\.m2\repository\org\springframework\spring-web\5.2.5.RELEASE\spring-web-5.2.5.RELEASE.jar;C:\Users\seokpark\.m2\repository\org\springframework\spring-beans\5.2.5.RELEASE\spring-beans-5.2.5.RELEASE.jar;C:\Users\seokpark\.m2\repository\org\springframework\spring-webmvc\5.2.5.RELEASE\spring-webmvc-5.2.5.RELEASE.jar;C:\Users\seokpark\.m2\repository\org\springframework\spring-aop\5.2.5.RELEASE\spring-aop-5.2.5.RELEASE.jar;C:\Users\seokpark\.m2\repository\org\springframework\spring-context\5.2.5.RELEASE\spring-context-5.2.5.RELEASE.jar;C:\Users\seokpark\.m2\repository\org\springframework\spring-expression\5.2.5.RELEASE\spring-expression-5.2.5.RELEASE.jar;C:\Users\seokpark\.m2\repository\org\springframework\boot\spring-boot-starter-web-services\2.2.6.RELEASE\spring-boot-starter-web-services-2.2.6.RELEASE.jar;C:\Users\seokpark\.m2\repository\com\sun\xml\messaging\saaj\saaj-impl\1.5.1\saaj-impl-1.5.1.jar;C:\Users\seokpark\.m2\repository\jakarta\activation\jakarta.activation-api\1.2.2\jakarta.activation-api-1.2.2.jar;C:\Users\seokpark\.m2\repository\jakarta\xml\soap\jakarta.xml.soap-api\1.4.2\jakarta.xml.soap-api-1.4.2.jar;C:\Users\seokpark\.m2\repository\org\jvnet\mimepull\mimepull\1.9.13\mimepull-1.9.13.jar;C:\Users\seokpark\.m2\repository\org\jvnet\staxex\stax-ex\1.8.1\stax-ex-1.8.1.jar;C:\Users\seokpark\.m2\repository\jakarta\xml\ws\jakarta.xml.ws-api\2.3.3\jakarta.xml.ws-api-2.3.3.jar;C:\Users\seokpark\.m2\repository\jakarta\jws\jakarta.jws-api\2.1.0\jakarta.jws-api-2.1.0.jar;C:\Users\seokpark\.m2\repository\org\springframework\spring-oxm\5.2.5.RELEASE\spring-oxm-5.2.5.RELEASE.jar;C:\Users\seokpark\.m2\repository\org\springframework\ws\spring-ws-core\3.0.8.RELEASE\spring-ws-core-3.0.8.RELEASE.jar;C:\Users\seokpark\.m2\repository\org\springframework\ws\spring-xml\3.0.8.RELEASE\spring-xml-3.0.8.RELEASE.jar;C:\Users\seokpark\.m2\repository\org\projectlombok\lombok\1.18.12\lombok-1.18.12.jar;C:\Users\seokpark\.m2\repository\org\springframework\boot\spring-boot-starter-test\2.2.6.RELEASE\spring-boot-starter-test-2.2.6.RELEASE.jar;C:\Users\seokpark\.m2\repository\org\springframework\boot\spring-boot-test\2.2.6.RELEASE\spring-boot-test-2.2.6.RELEASE.jar;C:\Users\seokpark\.m2\repository\org\springframework\boot\spring-boot-test-autoconfigure\2.2.6.RELEASE\spring-boot-test-autoconfigure-2.2.6.RELEASE.jar;C:\Users\seokpark\.m2\repository\com\jayway\jsonpath\json-path\2.4.0\json-path-2.4.0.jar;C:\Users\seokpark\.m2\repository\net\minidev\json-smart\2.3\json-smart-2.3.jar;C:\Users\seokpark\.m2\repository\net\minidev\accessors-smart\1.2\accessors-smart-1.2.jar;C:\Users\seokpark\.m2\repository\org\ow2\asm\asm\5.0.4\asm-5.0.4.jar;C:\Users\seokpark\.m2\repository\org\slf4j\slf4j-api\1.7.30\slf4j-api-1.7.30.jar;C:\Users\seokpark\.m2\repository\jakarta\xml\bind\jakarta.xml.bind-api\2.3.3\jakarta.xml.bind-api-2.3.3.jar;C:\Users\seokpark\.m2\repository\org\junit\jupiter\junit-jupiter\5.5.2\junit-jupiter-5.5.2.jar;C:\Users\seokpark\.m2\repository\org\junit\jupiter\junit-jupiter-api\5.5.2\junit-jupiter-api-5.5.2.jar;C:\Users\seokpark\.m2\repository\org\apiguardian\apiguardian-api\1.1.0\apiguardian-api-1.1.0.jar;C:\Users\seokpark\.m2\repository\org\opentest4j\opentest4j\1.2.0\opentest4j-1.2.0.jar;C:\Users\seokpark\.m2\repository\org\junit\platform\junit-platform-commons\1.5.2\junit-platform-commons-1.5.2.jar;C:\Users\seokpark\.m2\repository\org\junit\jupiter\junit-jupiter-params\5.5.2\junit-jupiter-params-5.5.2.jar;C:\Users\seokpark\.m2\repository\org\junit\jupiter\junit-jupiter-engine\5.5.2\junit-jupiter-engine-5.5.2.jar;C:\Users\seokpark\.m2\repository\org\junit\platform\junit-platform-engine\1.5.2\junit-platform-engine-1.5.2.jar;C:\Users\seokpark\.m2\repository\org\mockito\mockito-junit-jupiter\3.1.0\mockito-junit-jupiter-3.1.0.jar;C:\Users\seokpark\.m2\repository\org\assertj\assertj-core\3.13.2\assertj-core-3.13.2.jar;C:\Users\seokpark\.m2\repository\org\hamcrest\hamcrest\2.1\hamcrest-2.1.jar;C:\Users\seokpark\.m2\repository\org\mockito\mockito-core\3.1.0\mockito-core-3.1.0.jar;C:\Users\seokpark\.m2\repository\net\bytebuddy\byte-buddy\1.10.8\byte-buddy-1.10.8.jar;C:\Users\seokpark\.m2\repository\net\bytebuddy\byte-buddy-agent\1.10.8\byte-buddy-agent-1.10.8.jar;C:\Users\seokpark\.m2\repository\org\objenesis\objenesis\2.6\objenesis-2.6.jar;C:\Users\seokpark\.m2\repository\org\skyscreamer\jsonassert\1.5.0\jsonassert-1.5.0.jar;C:\Users\seokpark\.m2\repository\com\vaadin\external\google\android-json\0.0.20131108.vaadin1\android-json-0.0.20131108.vaadin1.jar;C:\Users\seokpark\.m2\repository\org\springframework\spring-core\5.2.5.RELEASE\spring-core-5.2.5.RELEASE.jar;C:\Users\seokpark\.m2\repository\org\springframework\spring-jcl\5.2.5.RELEASE\spring-jcl-5.2.5.RELEASE.jar;C:\Users\seokpark\.m2\repository\org\springframework\spring-test\5.2.5.RELEASE\spring-test-5.2.5.RELEASE.jar;C:\Users\seokpark\.m2\repository\org\xmlunit\xmlunit-core\2.6.4\xmlunit-core-2.6.4.jar;C:\Users\seokpark\.m2\repository\org\apache\tomcat\embed\tomcat-embed-jasper\9.0.33\tomcat-embed-jasper-9.0.33.jar;C:\Users\seokpark\.m2\repository\org\apache\tomcat\embed\tomcat-embed-core\9.0.33\tomcat-embed-core-9.0.33.jar;C:\Users\seokpark\.m2\repository\org\apache\tomcat\tomcat-annotations-api\9.0.33\tomcat-annotations-api-9.0.33.jar;C:\Users\seokpark\.m2\repository\org\apache\tomcat\embed\tomcat-embed-el\9.0.33\tomcat-embed-el-9.0.33.jar;C:\Users\seokpark\.m2\repository\org\eclipse\jdt\ecj\3.18.0\ecj-3.18.0.jar;C:\Users\seokpark\.m2\repository\jstl\jstl\1.2\jstl-1.2.jar;"/>
    <property name="java.vm.vendor" value="Oracle Corporation"/>
    <property name="sun.arch.data.model" value="64"/>
    <property name="user.variant" value=""/>
    <property name="java.vendor.url" value="http://java.oracle.com/"/>
    <property name="user.timezone" value="Asia/Singapore"/>
    <property name="java.vm.specification.version" value="1.8"/>
    <property name="os.name" value="Windows 10"/>
    <property name="user.country" value="US"/>
    <property name="sun.java.launcher" value="SUN_STANDARD"/>
    <property name="sun.boot.library.path" value="C:\Program Files\Java\jdk1.8.0_231\jre\bin"/>
    <property name="sun.java.command" value="C:\Users\seokpark\AppData\Local\Temp\surefire7952261179097333988\surefirebooter7722346295607706372.jar C:\Users\seokpark\AppData\Local\Temp\surefire7952261179097333988 2021-07-29T12-58-14_968-jvmRun1 surefire4099021572560011023tmp surefire_04224365557581032433tmp"/>
    <property name="surefire.test.class.path" value="C:\Users\seokpark\IdeaProjects\digital-assistant\target\test-classes;C:\Users\seokpark\IdeaProjects\digital-assistant\target\classes;C:\Users\seokpark\.m2\repository\org\springframework\boot\spring-boot-starter-web\2.2.6.RELEASE\spring-boot-starter-web-2.2.6.RELEASE.jar;C:\Users\seokpark\.m2\repository\org\springframework\boot\spring-boot-starter\2.2.6.RELEASE\spring-boot-starter-2.2.6.RELEASE.jar;C:\Users\seokpark\.m2\repository\org\springframework\boot\spring-boot\2.2.6.RELEASE\spring-boot-2.2.6.RELEASE.jar;C:\Users\seokpark\.m2\repository\org\springframework\boot\spring-boot-autoconfigure\2.2.6.RELEASE\spring-boot-autoconfigure-2.2.6.RELEASE.jar;C:\Users\seokpark\.m2\repository\org\springframework\boot\spring-boot-starter-logging\2.2.6.RELEASE\spring-boot-starter-logging-2.2.6.RELEASE.jar;C:\Users\seokpark\.m2\repository\ch\qos\logback\logback-classic\1.2.3\logback-classic-1.2.3.jar;C:\Users\seokpark\.m2\repository\ch\qos\logback\logback-core\1.2.3\logback-core-1.2.3.jar;C:\Users\seokpark\.m2\repository\org\apache\logging\log4j\log4j-to-slf4j\2.12.1\log4j-to-slf4j-2.12.1.jar;C:\Users\seokpark\.m2\repository\org\apache\logging\log4j\log4j-api\2.12.1\log4j-api-2.12.1.jar;C:\Users\seokpark\.m2\repository\org\slf4j\jul-to-slf4j\1.7.30\jul-to-slf4j-1.7.30.jar;C:\Users\seokpark\.m2\repository\jakarta\annotation\jakarta.annotation-api\1.3.5\jakarta.annotation-api-1.3.5.jar;C:\Users\seokpark\.m2\repository\org\yaml\snakeyaml\1.25\snakeyaml-1.25.jar;C:\Users\seokpark\.m2\repository\org\springframework\boot\spring-boot-starter-json\2.2.6.RELEASE\spring-boot-starter-json-2.2.6.RELEASE.jar;C:\Users\seokpark\.m2\repository\com\fasterxml\jackson\core\jackson-databind\2.10.3\jackson-databind-2.10.3.jar;C:\Users\seokpark\.m2\repository\com\fasterxml\jackson\core\jackson-annotations\2.10.3\jackson-annotations-2.10.3.jar;C:\Users\seokpark\.m2\repository\com\fasterxml\jackson\core\jackson-core\2.10.3\jackson-core-2.10.3.jar;C:\Users\seokpark\.m2\repository\com\fasterxml\jackson\datatype\jackson-datatype-jdk8\2.10.3\jackson-datatype-jdk8-2.10.3.jar;C:\Users\seokpark\.m2\repository\com\fasterxml\jackson\datatype\jackson-datatype-jsr310\2.10.3\jackson-datatype-jsr310-2.10.3.jar;C:\Users\seokpark\.m2\repository\com\fasterxml\jackson\module\jackson-module-parameter-names\2.10.3\jackson-module-parameter-names-2.10.3.jar;C:\Users\seokpark\.m2\repository\org\springframework\boot\spring-boot-starter-tomcat\2.2.6.RELEASE\spring-boot-starter-tomcat-2.2.6.RELEASE.jar;C:\Users\seokpark\.m2\repository\org\apache\tomcat\embed\tomcat-embed-websocket\9.0.33\tomcat-embed-websocket-9.0.33.jar;C:\Users\seokpark\.m2\repository\org\springframework\boot\spring-boot-starter-validation\2.2.6.RELEASE\spring-boot-starter-validation-2.2.6.RELEASE.jar;C:\Users\seokpark\.m2\repository\jakarta\validation\jakarta.validation-api\2.0.2\jakarta.validation-api-2.0.2.jar;C:\Users\seokpark\.m2\repository\org\hibernate\validator\hibernate-validator\6.0.18.Final\hibernate-validator-6.0.18.Final.jar;C:\Users\seokpark\.m2\repository\org\jboss\logging\jboss-logging\3.4.1.Final\jboss-logging-3.4.1.Final.jar;C:\Users\seokpark\.m2\repository\com\fasterxml\classmate\1.5.1\classmate-1.5.1.jar;C:\Users\seokpark\.m2\repository\org\springframework\spring-web\5.2.5.RELEASE\spring-web-5.2.5.RELEASE.jar;C:\Users\seokpark\.m2\repository\org\springframework\spring-beans\5.2.5.RELEASE\spring-beans-5.2.5.RELEASE.jar;C:\Users\seokpark\.m2\repository\org\springframework\spring-webmvc\5.2.5.RELEASE\spring-webmvc-5.2.5.RELEASE.jar;C:\Users\seokpark\.m2\repository\org\springframework\spring-aop\5.2.5.RELEASE\spring-aop-5.2.5.RELEASE.jar;C:\Users\seokpark\.m2\repository\org\springframework\spring-context\5.2.5.RELEASE\spring-context-5.2.5.RELEASE.jar;C:\Users\seokpark\.m2\repository\org\springframework\spring-expression\5.2.5.RELEASE\spring-expression-5.2.5.RELEASE.jar;C:\Users\seokpark\.m2\repository\org\springframework\boot\spring-boot-starter-web-services\2.2.6.RELEASE\spring-boot-starter-web-services-2.2.6.RELEASE.jar;C:\Users\seokpark\.m2\repository\com\sun\xml\messaging\saaj\saaj-impl\1.5.1\saaj-impl-1.5.1.jar;C:\Users\seokpark\.m2\repository\jakarta\activation\jakarta.activation-api\1.2.2\jakarta.activation-api-1.2.2.jar;C:\Users\seokpark\.m2\repository\jakarta\xml\soap\jakarta.xml.soap-api\1.4.2\jakarta.xml.soap-api-1.4.2.jar;C:\Users\seokpark\.m2\repository\org\jvnet\mimepull\mimepull\1.9.13\mimepull-1.9.13.jar;C:\Users\seokpark\.m2\repository\org\jvnet\staxex\stax-ex\1.8.1\stax-ex-1.8.1.jar;C:\Users\seokpark\.m2\repository\jakarta\xml\ws\jakarta.xml.ws-api\2.3.3\jakarta.xml.ws-api-2.3.3.jar;C:\Users\seokpark\.m2\repository\jakarta\jws\jakarta.jws-api\2.1.0\jakarta.jws-api-2.1.0.jar;C:\Users\seokpark\.m2\repository\org\springframework\spring-oxm\5.2.5.RELEASE\spring-oxm-5.2.5.RELEASE.jar;C:\Users\seokpark\.m2\repository\org\springframework\ws\spring-ws-core\3.0.8.RELEASE\spring-ws-core-3.0.8.RELEASE.jar;C:\Users\seokpark\.m2\repository\org\springframework\ws\spring-xml\3.0.8.RELEASE\spring-xml-3.0.8.RELEASE.jar;C:\Users\seokpark\.m2\repository\org\projectlombok\lombok\1.18.12\lombok-1.18.12.jar;C:\Users\seokpark\.m2\repository\org\springframework\boot\spring-boot-starter-test\2.2.6.RELEASE\spring-boot-starter-test-2.2.6.RELEASE.jar;C:\Users\seokpark\.m2\repository\org\springframework\boot\spring-boot-test\2.2.6.RELEASE\spring-boot-test-2.2.6.RELEASE.jar;C:\Users\seokpark\.m2\repository\org\springframework\boot\spring-boot-test-autoconfigure\2.2.6.RELEASE\spring-boot-test-autoconfigure-2.2.6.RELEASE.jar;C:\Users\seokpark\.m2\repository\com\jayway\jsonpath\json-path\2.4.0\json-path-2.4.0.jar;C:\Users\seokpark\.m2\repository\net\minidev\json-smart\2.3\json-smart-2.3.jar;C:\Users\seokpark\.m2\repository\net\minidev\accessors-smart\1.2\accessors-smart-1.2.jar;C:\Users\seokpark\.m2\repository\org\ow2\asm\asm\5.0.4\asm-5.0.4.jar;C:\Users\seokpark\.m2\repository\org\slf4j\slf4j-api\1.7.30\slf4j-api-1.7.30.jar;C:\Users\seokpark\.m2\repository\jakarta\xml\bind\jakarta.xml.bind-api\2.3.3\jakarta.xml.bind-api-2.3.3.jar;C:\Users\seokpark\.m2\repository\org\junit\jupiter\junit-jupiter\5.5.2\junit-jupiter-5.5.2.jar;C:\Users\seokpark\.m2\repository\org\junit\jupiter\junit-jupiter-api\5.5.2\junit-jupiter-api-5.5.2.jar;C:\Users\seokpark\.m2\repository\org\apiguardian\apiguardian-api\1.1.0\apiguardian-api-1.1.0.jar;C:\Users\seokpark\.m2\repository\org\opentest4j\opentest4j\1.2.0\opentest4j-1.2.0.jar;C:\Users\seokpark\.m2\repository\org\junit\platform\junit-platform-commons\1.5.2\junit-platform-commons-1.5.2.jar;C:\Users\seokpark\.m2\repository\org\junit\jupiter\junit-jupiter-params\5.5.2\junit-jupiter-params-5.5.2.jar;C:\Users\seokpark\.m2\repository\org\junit\jupiter\junit-jupiter-engine\5.5.2\junit-jupiter-engine-5.5.2.jar;C:\Users\seokpark\.m2\repository\org\junit\platform\junit-platform-engine\1.5.2\junit-platform-engine-1.5.2.jar;C:\Users\seokpark\.m2\repository\org\mockito\mockito-junit-jupiter\3.1.0\mockito-junit-jupiter-3.1.0.jar;C:\Users\seokpark\.m2\repository\org\assertj\assertj-core\3.13.2\assertj-core-3.13.2.jar;C:\Users\seokpark\.m2\repository\org\hamcrest\hamcrest\2.1\hamcrest-2.1.jar;C:\Users\seokpark\.m2\repository\org\mockito\mockito-core\3.1.0\mockito-core-3.1.0.jar;C:\Users\seokpark\.m2\repository\net\bytebuddy\byte-buddy\1.10.8\byte-buddy-1.10.8.jar;C:\Users\seokpark\.m2\repository\net\bytebuddy\byte-buddy-agent\1.10.8\byte-buddy-agent-1.10.8.jar;C:\Users\seokpark\.m2\repository\org\objenesis\objenesis\2.6\objenesis-2.6.jar;C:\Users\seokpark\.m2\repository\org\skyscreamer\jsonassert\1.5.0\jsonassert-1.5.0.jar;C:\Users\seokpark\.m2\repository\com\vaadin\external\google\android-json\0.0.20131108.vaadin1\android-json-0.0.20131108.vaadin1.jar;C:\Users\seokpark\.m2\repository\org\springframework\spring-core\5.2.5.RELEASE\spring-core-5.2.5.RELEASE.jar;C:\Users\seokpark\.m2\repository\org\springframework\spring-jcl\5.2.5.RELEASE\spring-jcl-5.2.5.RELEASE.jar;C:\Users\seokpark\.m2\repository\org\springframework\spring-test\5.2.5.RELEASE\spring-test-5.2.5.RELEASE.jar;C:\Users\seokpark\.m2\repository\org\xmlunit\xmlunit-core\2.6.4\xmlunit-core-2.6.4.jar;C:\Users\seokpark\.m2\repository\org\apache\tomcat\embed\tomcat-embed-jasper\9.0.33\tomcat-embed-jasper-9.0.33.jar;C:\Users\seokpark\.m2\repository\org\apache\tomcat\embed\tomcat-embed-core\9.0.33\tomcat-embed-core-9.0.33.jar;C:\Users\seokpark\.m2\repository\org\apache\tomcat\tomcat-annotations-api\9.0.33\tomcat-annotations-api-9.0.33.jar;C:\Users\seokpark\.m2\repository\org\apache\tomcat\embed\tomcat-embed-el\9.0.33\tomcat-embed-el-9.0.33.jar;C:\Users\seokpark\.m2\repository\org\eclipse\jdt\ecj\3.18.0\ecj-3.18.0.jar;C:\Users\seokpark\.m2\repository\jstl\jstl\1.2\jstl-1.2.jar;"/>
    <property name="sun.cpu.endian" value="little"/>
    <property name="user.home" value="C:\Users\seokpark"/>
    <property name="user.language" value="en"/>
    <property name="java.specification.vendor" value="Oracle Corporation"/>
    <property name="java.home" value="C:\Program Files\Java\jdk1.8.0_231\jre"/>
    <property name="basedir" value="C:\Users\seokpark\IdeaProjects\digital-assistant"/>
    <property name="file.separator" value="\"/>
    <property name="line.separator" value="&#10;"/>
    <property name="java.vm.specification.vendor" value="Oracle Corporation"/>
    <property name="java.specification.name" value="Java Platform API Specification"/>
    <property name="java.awt.graphicsenv" value="sun.awt.Win32GraphicsEnvironment"/>
    <property name="surefire.real.class.path" value="C:\Users\seokpark\AppData\Local\Temp\surefire7952261179097333988\surefirebooter7722346295607706372.jar"/>
    <property name="sun.boot.class.path" value="C:\Program Files\Java\jdk1.8.0_231\jre\lib\resources.jar;C:\Program Files\Java\jdk1.8.0_231\jre\lib\rt.jar;C:\Program Files\Java\jdk1.8.0_231\jre\lib\sunrsasign.jar;C:\Program Files\Java\jdk1.8.0_231\jre\lib\jsse.jar;C:\Program Files\Java\jdk1.8.0_231\jre\lib\jce.jar;C:\Program Files\Java\jdk1.8.0_231\jre\lib\charsets.jar;C:\Program Files\Java\jdk1.8.0_231\jre\lib\jfr.jar;C:\Program Files\Java\jdk1.8.0_231\jre\classes"/>
    <property name="user.script" value=""/>
    <property name="sun.management.compiler" value="HotSpot 64-Bit Tiered Compilers"/>
    <property name="java.runtime.version" value="1.8.0_231-b11"/>
    <property name="user.name" value="seokpark"/>
    <property name="path.separator" value=";"/>
    <property name="os.version" value="10.0"/>
    <property name="java.endorsed.dirs" value="C:\Program Files\Java\jdk1.8.0_231\jre\lib\endorsed"/>
    <property name="java.runtime.name" value="Java(TM) SE Runtime Environment"/>
    <property name="file.encoding" value="Cp1252"/>
    <property name="java.vm.name" value="Java HotSpot(TM) 64-Bit Server VM"/>
    <property name="localRepository" value="C:\Users\seokpark\.m2\repository"/>
    <property name="java.vendor.url.bug" value="http://bugreport.sun.com/bugreport/"/>
    <property name="java.io.tmpdir" value="C:\Users\seokpark\AppData\Local\Temp\"/>
    <property name="idea.version" value="2020.3.4"/>
    <property name="java.version" value="1.8.0_231"/>
    <property name="user.dir" value="C:\Users\seokpark\IdeaProjects\digital-assistant"/>
    <property name="os.arch" value="amd64"/>
    <property name="java.vm.specification.name" value="Java Virtual Machine Specification"/>
    <property name="java.awt.printerjob" value="sun.awt.windows.WPrinterJob"/>
    <property name="sun.os.patch.level" value=""/>
    <property name="java.library.path" value="C:\Program Files\Java\jdk1.8.0_231\jre\bin;C:\WINDOWS\Sun\Java\bin;C:\WINDOWS\system32;C:\WINDOWS;C:\Python39\Scripts\;C:\Python39\;C:\WINDOWS\system32;C:\WINDOWS;C:\WINDOWS\System32\Wbem;C:\WINDOWS\System32\WindowsPowerShell\v1.0\;C:\WINDOWS\System32\OpenSSH\;C:\Program Files\Intel\WiFi\bin\;C:\Program Files\Common Files\Intel\WirelessCommon\;C:\Program Files\PuTTY\;C:\Program Files\Git\cmd;C:\Program Files\Java\jdk1.8.0_231\bin;C:\apache-maven-3.6.3\bin;C:\Users\seokpark\.kube\;C:\ProgramData\chocolatey\bin;C:\Program Files\nodejs\;C:\Users\seokpark;C:\Program Files\Microsoft SQL Server\130\Tools\Binn\;C:\Program Files (x86)\Sennheiser\SenncomSDK\;C:\Users\seokpark\Downloads\3.SR\8.Portal\content-and-experience-toolkit-master\sites\node_modules\.bin;C:\Program Files\MySQL\MySQL Shell 8.0\bin\;C:\Users\seokpark\AppData\Local\Programs\Python\Python38\Scripts\;C:\Users\seokpark\AppData\Local\Programs\Python\Python38\;C:\Users\seokpark\bin;C:\Users\seokpark\AppData\Local\Programs\Python\Python38-32\Scripts\;C:\Users\seokpark\AppData\Local\Programs\Python\Python38-32\;C:\Users\seokpark\AppData\Local\Microsoft\WindowsApps;C:\Program Files\JetBrains\IntelliJ IDEA 2019.2.4\bin;C:\Program Files\JetBrains\DataGrip 2019.3\bin;C:\Users\seokpark\Documents\WindowsPowerShell\Scripts;C:\Program Files\Java\jdk1.8.0_231\bin;C:\Users\seokpark\AppData\Roaming\npm;C:\Users\seokpark;C:\Program Files\JetBrains\PyCharm 2020.3.3\bin;;C:\Program Files\JetBrains\PhpStorm 2020.3.2\bin;;C:\Users\seokpark\AppData\Local\Microsoft\WindowsApps;C:\Users\seokpark\Downloads\3.SR\8.Portal\content-and-experience-toolkit-master\sites\node_modules\.bin;;."/>
    <property name="java.vm.info" value="mixed mode"/>
    <property name="java.vendor" value="Oracle Corporation"/>
    <property name="java.vm.version" value="25.231-b11"/>
    <property name="java.ext.dirs" value="C:\Program Files\Java\jdk1.8.0_231\jre\lib\ext;C:\WINDOWS\Sun\Java\lib\ext"/>
    <property name="sun.io.unicode.encoding" value="UnicodeLittle"/>
    <property name="java.class.version" value="52.0"/>
  </properties>
  <testcase name="contextLoads" classname="com.spark.web.WebApplicationTests" time="0.683"/>
</testsuite>